<?xml version="1.0" encoding="UTF-8"?>
<testsuite xmlns:xsi="http://www.w3.org/2001/XMLSchema-instance" xsi:noNamespaceSchemaLocation="https://maven.apache.org/surefire/maven-surefire-plugin/xsd/surefire-test-report.xsd" name="com.example.xyy.test.TestApplicationTests" time="4.027" tests="1" errors="0" skipped="0" failures="0">
  <properties>
    <property name="sun.desktop" value="windows"/>
    <property name="awt.toolkit" value="sun.awt.windows.WToolkit"/>
    <property name="file.encoding.pkg" value="sun.io"/>
    <property name="java.specification.version" value="1.8"/>
    <property name="sun.cpu.isalist" value="amd64"/>
    <property name="sun.jnu.encoding" value="GBK"/>
    <property name="java.class.path" value="P:\learnProject\Umi-TestEveryThing\target\test-classes;P:\learnProject\Umi-TestEveryThing\target\classes;E:\Software\apache-maven-3.3.9\repository\org\springframework\boot\spring-boot-starter\2.2.6.RELEASE\spring-boot-starter-2.2.6.RELEASE.jar;E:\Software\apache-maven-3.3.9\repository\org\springframework\boot\spring-boot\2.2.6.RELEASE\spring-boot-2.2.6.RELEASE.jar;E:\Software\apache-maven-3.3.9\repository\org\springframework\spring-context\5.2.5.RELEASE\spring-context-5.2.5.RELEASE.jar;E:\Software\apache-maven-3.3.9\repository\org\springframework\boot\spring-boot-autoconfigure\2.2.6.RELEASE\spring-boot-autoconfigure-2.2.6.RELEASE.jar;E:\Software\apache-maven-3.3.9\repository\org\springframework\boot\spring-boot-starter-logging\2.2.6.RELEASE\spring-boot-starter-logging-2.2.6.RELEASE.jar;E:\Software\apache-maven-3.3.9\repository\ch\qos\logback\logback-classic\1.2.3\logback-classic-1.2.3.jar;E:\Software\apache-maven-3.3.9\repository\ch\qos\logback\logback-core\1.2.3\logback-core-1.2.3.jar;E:\Software\apache-maven-3.3.9\repository\org\apache\logging\log4j\log4j-to-slf4j\2.12.1\log4j-to-slf4j-2.12.1.jar;E:\Software\apache-maven-3.3.9\repository\org\apache\logging\log4j\log4j-api\2.12.1\log4j-api-2.12.1.jar;E:\Software\apache-maven-3.3.9\repository\org\slf4j\jul-to-slf4j\1.7.30\jul-to-slf4j-1.7.30.jar;E:\Software\apache-maven-3.3.9\repository\jakarta\annotation\jakarta.annotation-api\1.3.5\jakarta.annotation-api-1.3.5.jar;E:\Software\apache-maven-3.3.9\repository\org\springframework\spring-core\5.2.5.RELEASE\spring-core-5.2.5.RELEASE.jar;E:\Software\apache-maven-3.3.9\repository\org\springframework\spring-jcl\5.2.5.RELEASE\spring-jcl-5.2.5.RELEASE.jar;E:\Software\apache-maven-3.3.9\repository\org\yaml\snakeyaml\1.25\snakeyaml-1.25.jar;E:\Software\apache-maven-3.3.9\repository\org\apache\commons\commons-lang3\3.9\commons-lang3-3.9.jar;E:\Software\apache-maven-3.3.9\repository\org\projectlombok\lombok\1.18.12\lombok-1.18.12.jar;E:\Software\apache-maven-3.3.9\repository\org\springframework\boot\spring-boot-starter-test\2.2.6.RELEASE\spring-boot-starter-test-2.2.6.RELEASE.jar;E:\Software\apache-maven-3.3.9\repository\org\springframework\boot\spring-boot-test\2.2.6.RELEASE\spring-boot-test-2.2.6.RELEASE.jar;E:\Software\apache-maven-3.3.9\repository\org\springframework\boot\spring-boot-test-autoconfigure\2.2.6.RELEASE\spring-boot-test-autoconfigure-2.2.6.RELEASE.jar;E:\Software\apache-maven-3.3.9\repository\com\jayway\jsonpath\json-path\2.4.0\json-path-2.4.0.jar;E:\Software\apache-maven-3.3.9\repository\net\minidev\json-smart\2.3\json-smart-2.3.jar;E:\Software\apache-maven-3.3.9\repository\net\minidev\accessors-smart\1.2\accessors-smart-1.2.jar;E:\Software\apache-maven-3.3.9\repository\org\ow2\asm\asm\5.0.4\asm-5.0.4.jar;E:\Software\apache-maven-3.3.9\repository\org\slf4j\slf4j-api\1.7.30\slf4j-api-1.7.30.jar;E:\Software\apache-maven-3.3.9\repository\jakarta\xml\bind\jakarta.xml.bind-api\2.3.3\jakarta.xml.bind-api-2.3.3.jar;E:\Software\apache-maven-3.3.9\repository\jakarta\activation\jakarta.activation-api\1.2.2\jakarta.activation-api-1.2.2.jar;E:\Software\apache-maven-3.3.9\repository\org\junit\jupiter\junit-jupiter\5.5.2\junit-jupiter-5.5.2.jar;E:\Software\apache-maven-3.3.9\repository\org\junit\jupiter\junit-jupiter-api\5.5.2\junit-jupiter-api-5.5.2.jar;E:\Software\apache-maven-3.3.9\repository\org\apiguardian\apiguardian-api\1.1.0\apiguardian-api-1.1.0.jar;E:\Software\apache-maven-3.3.9\repository\org\opentest4j\opentest4j\1.2.0\opentest4j-1.2.0.jar;E:\Software\apache-maven-3.3.9\repository\org\junit\platform\junit-platform-commons\1.5.2\junit-platform-commons-1.5.2.jar;E:\Software\apache-maven-3.3.9\repository\org\junit\jupiter\junit-jupiter-params\5.5.2\junit-jupiter-params-5.5.2.jar;E:\Software\apache-maven-3.3.9\repository\org\junit\jupiter\junit-jupiter-engine\5.5.2\junit-jupiter-engine-5.5.2.jar;E:\Software\apache-maven-3.3.9\repository\org\junit\platform\junit-platform-engine\1.5.2\junit-platform-engine-1.5.2.jar;E:\Software\apache-maven-3.3.9\repository\org\mockito\mockito-junit-jupiter\3.1.0\mockito-junit-jupiter-3.1.0.jar;E:\Software\apache-maven-3.3.9\repository\org\assertj\assertj-core\3.13.2\assertj-core-3.13.2.jar;E:\Software\apache-maven-3.3.9\repository\org\hamcrest\hamcrest\2.1\hamcrest-2.1.jar;E:\Software\apache-maven-3.3.9\repository\org\mockito\mockito-core\3.1.0\mockito-core-3.1.0.jar;E:\Software\apache-maven-3.3.9\repository\net\bytebuddy\byte-buddy\1.10.8\byte-buddy-1.10.8.jar;E:\Software\apache-maven-3.3.9\repository\net\bytebuddy\byte-buddy-agent\1.10.8\byte-buddy-agent-1.10.8.jar;E:\Software\apache-maven-3.3.9\repository\org\objenesis\objenesis\2.6\objenesis-2.6.jar;E:\Software\apache-maven-3.3.9\repository\org\skyscreamer\jsonassert\1.5.0\jsonassert-1.5.0.jar;E:\Software\apache-maven-3.3.9\repository\com\vaadin\external\google\android-json\0.0.20131108.vaadin1\android-json-0.0.20131108.vaadin1.jar;E:\Software\apache-maven-3.3.9\repository\org\springframework\spring-test\5.2.5.RELEASE\spring-test-5.2.5.RELEASE.jar;E:\Software\apache-maven-3.3.9\repository\org\xmlunit\xmlunit-core\2.6.4\xmlunit-core-2.6.4.jar;E:\Software\apache-maven-3.3.9\repository\com\alibaba\fastjson\1.2.28\fastjson-1.2.28.jar;E:\Software\apache-maven-3.3.9\repository\junit\junit\4.12\junit-4.12.jar;E:\Software\apache-maven-3.3.9\repository\org\hamcrest\hamcrest-core\2.1\hamcrest-core-2.1.jar;E:\Software\apache-maven-3.3.9\repository\io\jsonwebtoken\jjwt\0.6.0\jjwt-0.6.0.jar;E:\Software\apache-maven-3.3.9\repository\com\fasterxml\jackson\core\jackson-databind\2.10.3\jackson-databind-2.10.3.jar;E:\Software\apache-maven-3.3.9\repository\com\fasterxml\jackson\core\jackson-annotations\2.10.3\jackson-annotations-2.10.3.jar;E:\Software\apache-maven-3.3.9\repository\com\fasterxml\jackson\core\jackson-core\2.10.3\jackson-core-2.10.3.jar;E:\Software\apache-maven-3.3.9\repository\org\mybatis\spring\boot\mybatis-spring-boot-starter\2.1.0\mybatis-spring-boot-starter-2.1.0.jar;E:\Software\apache-maven-3.3.9\repository\org\springframework\boot\spring-boot-starter-jdbc\2.2.6.RELEASE\spring-boot-starter-jdbc-2.2.6.RELEASE.jar;E:\Software\apache-maven-3.3.9\repository\com\zaxxer\HikariCP\3.4.2\HikariCP-3.4.2.jar;E:\Software\apache-maven-3.3.9\repository\org\springframework\spring-jdbc\5.2.5.RELEASE\spring-jdbc-5.2.5.RELEASE.jar;E:\Software\apache-maven-3.3.9\repository\org\springframework\spring-tx\5.2.5.RELEASE\spring-tx-5.2.5.RELEASE.jar;E:\Software\apache-maven-3.3.9\repository\org\mybatis\spring\boot\mybatis-spring-boot-autoconfigure\2.1.0\mybatis-spring-boot-autoconfigure-2.1.0.jar;E:\Software\apache-maven-3.3.9\repository\org\mybatis\mybatis\3.5.2\mybatis-3.5.2.jar;E:\Software\apache-maven-3.3.9\repository\org\mybatis\mybatis-spring\2.0.2\mybatis-spring-2.0.2.jar;E:\Software\apache-maven-3.3.9\repository\org\springframework\boot\spring-boot-starter-web\2.2.6.RELEASE\spring-boot-starter-web-2.2.6.RELEASE.jar;E:\Software\apache-maven-3.3.9\repository\org\springframework\boot\spring-boot-starter-json\2.2.6.RELEASE\spring-boot-starter-json-2.2.6.RELEASE.jar;E:\Software\apache-maven-3.3.9\repository\com\fasterxml\jackson\datatype\jackson-datatype-jdk8\2.10.3\jackson-datatype-jdk8-2.10.3.jar;E:\Software\apache-maven-3.3.9\repository\com\fasterxml\jackson\datatype\jackson-datatype-jsr310\2.10.3\jackson-datatype-jsr310-2.10.3.jar;E:\Software\apache-maven-3.3.9\repository\com\fasterxml\jackson\module\jackson-module-parameter-names\2.10.3\jackson-module-parameter-names-2.10.3.jar;E:\Software\apache-maven-3.3.9\repository\org\springframework\boot\spring-boot-starter-tomcat\2.2.6.RELEASE\spring-boot-starter-tomcat-2.2.6.RELEASE.jar;E:\Software\apache-maven-3.3.9\repository\org\apache\tomcat\embed\tomcat-embed-core\9.0.33\tomcat-embed-core-9.0.33.jar;E:\Software\apache-maven-3.3.9\repository\org\apache\tomcat\embed\tomcat-embed-el\9.0.33\tomcat-embed-el-9.0.33.jar;E:\Software\apache-maven-3.3.9\repository\org\apache\tomcat\embed\tomcat-embed-websocket\9.0.33\tomcat-embed-websocket-9.0.33.jar;E:\Software\apache-maven-3.3.9\repository\org\springframework\boot\spring-boot-starter-validation\2.2.6.RELEASE\spring-boot-starter-validation-2.2.6.RELEASE.jar;E:\Software\apache-maven-3.3.9\repository\jakarta\validation\jakarta.validation-api\2.0.2\jakarta.validation-api-2.0.2.jar;E:\Software\apache-maven-3.3.9\repository\org\hibernate\validator\hibernate-validator\6.0.18.Final\hibernate-validator-6.0.18.Final.jar;E:\Software\apache-maven-3.3.9\repository\org\jboss\logging\jboss-logging\3.4.1.Final\jboss-logging-3.4.1.Final.jar;E:\Software\apache-maven-3.3.9\repository\com\fasterxml\classmate\1.5.1\classmate-1.5.1.jar;E:\Software\apache-maven-3.3.9\repository\org\springframework\spring-web\5.2.5.RELEASE\spring-web-5.2.5.RELEASE.jar;E:\Software\apache-maven-3.3.9\repository\org\springframework\spring-beans\5.2.5.RELEASE\spring-beans-5.2.5.RELEASE.jar;E:\Software\apache-maven-3.3.9\repository\org\springframework\spring-webmvc\5.2.5.RELEASE\spring-webmvc-5.2.5.RELEASE.jar;E:\Software\apache-maven-3.3.9\repository\org\springframework\spring-aop\5.2.5.RELEASE\spring-aop-5.2.5.RELEASE.jar;E:\Software\apache-maven-3.3.9\repository\org\springframework\spring-expression\5.2.5.RELEASE\spring-expression-5.2.5.RELEASE.jar;E:\Software\apache-maven-3.3.9\repository\mysql\mysql-connector-java\6.0.2\mysql-connector-java-6.0.2.jar;E:\Software\apache-maven-3.3.9\repository\com\alibaba\druid\1.0.28\druid-1.0.28.jar;E:\Program Files\JAVA_JDK\jdk-8\jre\..\lib\jconsole.jar;E:\Program Files\JAVA_JDK\jdk-8\jre\..\lib\tools.jar;"/>
    <property name="java.vm.vendor" value="Oracle Corporation"/>
    <property name="sun.arch.data.model" value="64"/>
    <property name="user.variant" value=""/>
    <property name="java.vendor.url" value="http://java.oracle.com/"/>
    <property name="user.timezone" value="Asia/Shanghai"/>
    <property name="java.vm.specification.version" value="1.8"/>
    <property name="os.name" value="Windows 10"/>
    <property name="user.country" value="CN"/>
    <property name="sun.java.launcher" value="SUN_STANDARD"/>
    <property name="sun.boot.library.path" value="E:\Program Files\JAVA_JDK\jdk-8\jre\bin"/>
    <property name="sun.java.command" value="C:\Users\yayu\AppData\Local\Temp\surefire1264338526706438988\surefirebooter9199347703188429746.jar C:\Users\yayu\AppData\Local\Temp\surefire1264338526706438988 2020-06-28T23-32-41_999-jvmRun1 surefire3223730046316940100tmp surefire_05280741777557133905tmp"/>
    <property name="surefire.test.class.path" value="P:\learnProject\Umi-TestEveryThing\target\test-classes;P:\learnProject\Umi-TestEveryThing\target\classes;E:\Software\apache-maven-3.3.9\repository\org\springframework\boot\spring-boot-starter\2.2.6.RELEASE\spring-boot-starter-2.2.6.RELEASE.jar;E:\Software\apache-maven-3.3.9\repository\org\springframework\boot\spring-boot\2.2.6.RELEASE\spring-boot-2.2.6.RELEASE.jar;E:\Software\apache-maven-3.3.9\repository\org\springframework\spring-context\5.2.5.RELEASE\spring-context-5.2.5.RELEASE.jar;E:\Software\apache-maven-3.3.9\repository\org\springframework\boot\spring-boot-autoconfigure\2.2.6.RELEASE\spring-boot-autoconfigure-2.2.6.RELEASE.jar;E:\Software\apache-maven-3.3.9\repository\org\springframework\boot\spring-boot-starter-logging\2.2.6.RELEASE\spring-boot-starter-logging-2.2.6.RELEASE.jar;E:\Software\apache-maven-3.3.9\repository\ch\qos\logback\logback-classic\1.2.3\logback-classic-1.2.3.jar;E:\Software\apache-maven-3.3.9\repository\ch\qos\logback\logback-core\1.2.3\logback-core-1.2.3.jar;E:\Software\apache-maven-3.3.9\repository\org\apache\logging\log4j\log4j-to-slf4j\2.12.1\log4j-to-slf4j-2.12.1.jar;E:\Software\apache-maven-3.3.9\repository\org\apache\logging\log4j\log4j-api\2.12.1\log4j-api-2.12.1.jar;E:\Software\apache-maven-3.3.9\repository\org\slf4j\jul-to-slf4j\1.7.30\jul-to-slf4j-1.7.30.jar;E:\Software\apache-maven-3.3.9\repository\jakarta\annotation\jakarta.annotation-api\1.3.5\jakarta.annotation-api-1.3.5.jar;E:\Software\apache-maven-3.3.9\repository\org\springframework\spring-core\5.2.5.RELEASE\spring-core-5.2.5.RELEASE.jar;E:\Software\apache-maven-3.3.9\repository\org\springframework\spring-jcl\5.2.5.RELEASE\spring-jcl-5.2.5.RELEASE.jar;E:\Software\apache-maven-3.3.9\repository\org\yaml\snakeyaml\1.25\snakeyaml-1.25.jar;E:\Software\apache-maven-3.3.9\repository\org\apache\commons\commons-lang3\3.9\commons-lang3-3.9.jar;E:\Software\apache-maven-3.3.9\repository\org\projectlombok\lombok\1.18.12\lombok-1.18.12.jar;E:\Software\apache-maven-3.3.9\repository\org\springframework\boot\spring-boot-starter-test\2.2.6.RELEASE\spring-boot-starter-test-2.2.6.RELEASE.jar;E:\Software\apache-maven-3.3.9\repository\org\springframework\boot\spring-boot-test\2.2.6.RELEASE\spring-boot-test-2.2.6.RELEASE.jar;E:\Software\apache-maven-3.3.9\repository\org\springframework\boot\spring-boot-test-autoconfigure\2.2.6.RELEASE\spring-boot-test-autoconfigure-2.2.6.RELEASE.jar;E:\Software\apache-maven-3.3.9\repository\com\jayway\jsonpath\json-path\2.4.0\json-path-2.4.0.jar;E:\Software\apache-maven-3.3.9\repository\net\minidev\json-smart\2.3\json-smart-2.3.jar;E:\Software\apache-maven-3.3.9\repository\net\minidev\accessors-smart\1.2\accessors-smart-1.2.jar;E:\Software\apache-maven-3.3.9\repository\org\ow2\asm\asm\5.0.4\asm-5.0.4.jar;E:\Software\apache-maven-3.3.9\repository\org\slf4j\slf4j-api\1.7.30\slf4j-api-1.7.30.jar;E:\Software\apache-maven-3.3.9\repository\jakarta\xml\bind\jakarta.xml.bind-api\2.3.3\jakarta.xml.bind-api-2.3.3.jar;E:\Software\apache-maven-3.3.9\repository\jakarta\activation\jakarta.activation-api\1.2.2\jakarta.activation-api-1.2.2.jar;E:\Software\apache-maven-3.3.9\repository\org\junit\jupiter\junit-jupiter\5.5.2\junit-jupiter-5.5.2.jar;E:\Software\apache-maven-3.3.9\repository\org\junit\jupiter\junit-jupiter-api\5.5.2\junit-jupiter-api-5.5.2.jar;E:\Software\apache-maven-3.3.9\repository\org\apiguardian\apiguardian-api\1.1.0\apiguardian-api-1.1.0.jar;E:\Software\apache-maven-3.3.9\repository\org\opentest4j\opentest4j\1.2.0\opentest4j-1.2.0.jar;E:\Software\apache-maven-3.3.9\repository\org\junit\platform\junit-platform-commons\1.5.2\junit-platform-commons-1.5.2.jar;E:\Software\apache-maven-3.3.9\repository\org\junit\jupiter\junit-jupiter-params\5.5.2\junit-jupiter-params-5.5.2.jar;E:\Software\apache-maven-3.3.9\repository\org\junit\jupiter\junit-jupiter-engine\5.5.2\junit-jupiter-engine-5.5.2.jar;E:\Software\apache-maven-3.3.9\repository\org\junit\platform\junit-platform-engine\1.5.2\junit-platform-engine-1.5.2.jar;E:\Software\apache-maven-3.3.9\repository\org\mockito\mockito-junit-jupiter\3.1.0\mockito-junit-jupiter-3.1.0.jar;E:\Software\apache-maven-3.3.9\repository\org\assertj\assertj-core\3.13.2\assertj-core-3.13.2.jar;E:\Software\apache-maven-3.3.9\repository\org\hamcrest\hamcrest\2.1\hamcrest-2.1.jar;E:\Software\apache-maven-3.3.9\repository\org\mockito\mockito-core\3.1.0\mockito-core-3.1.0.jar;E:\Software\apache-maven-3.3.9\repository\net\bytebuddy\byte-buddy\1.10.8\byte-buddy-1.10.8.jar;E:\Software\apache-maven-3.3.9\repository\net\bytebuddy\byte-buddy-agent\1.10.8\byte-buddy-agent-1.10.8.jar;E:\Software\apache-maven-3.3.9\repository\org\objenesis\objenesis\2.6\objenesis-2.6.jar;E:\Software\apache-maven-3.3.9\repository\org\skyscreamer\jsonassert\1.5.0\jsonassert-1.5.0.jar;E:\Software\apache-maven-3.3.9\repository\com\vaadin\external\google\android-json\0.0.20131108.vaadin1\android-json-0.0.20131108.vaadin1.jar;E:\Software\apache-maven-3.3.9\repository\org\springframework\spring-test\5.2.5.RELEASE\spring-test-5.2.5.RELEASE.jar;E:\Software\apache-maven-3.3.9\repository\org\xmlunit\xmlunit-core\2.6.4\xmlunit-core-2.6.4.jar;E:\Software\apache-maven-3.3.9\repository\com\alibaba\fastjson\1.2.28\fastjson-1.2.28.jar;E:\Software\apache-maven-3.3.9\repository\junit\junit\4.12\junit-4.12.jar;E:\Software\apache-maven-3.3.9\repository\org\hamcrest\hamcrest-core\2.1\hamcrest-core-2.1.jar;E:\Software\apache-maven-3.3.9\repository\io\jsonwebtoken\jjwt\0.6.0\jjwt-0.6.0.jar;E:\Software\apache-maven-3.3.9\repository\com\fasterxml\jackson\core\jackson-databind\2.10.3\jackson-databind-2.10.3.jar;E:\Software\apache-maven-3.3.9\repository\com\fasterxml\jackson\core\jackson-annotations\2.10.3\jackson-annotations-2.10.3.jar;E:\Software\apache-maven-3.3.9\repository\com\fasterxml\jackson\core\jackson-core\2.10.3\jackson-core-2.10.3.jar;E:\Software\apache-maven-3.3.9\repository\org\mybatis\spring\boot\mybatis-spring-boot-starter\2.1.0\mybatis-spring-boot-starter-2.1.0.jar;E:\Software\apache-maven-3.3.9\repository\org\springframework\boot\spring-boot-starter-jdbc\2.2.6.RELEASE\spring-boot-starter-jdbc-2.2.6.RELEASE.jar;E:\Software\apache-maven-3.3.9\repository\com\zaxxer\HikariCP\3.4.2\HikariCP-3.4.2.jar;E:\Software\apache-maven-3.3.9\repository\org\springframework\spring-jdbc\5.2.5.RELEASE\spring-jdbc-5.2.5.RELEASE.jar;E:\Software\apache-maven-3.3.9\repository\org\springframework\spring-tx\5.2.5.RELEASE\spring-tx-5.2.5.RELEASE.jar;E:\Software\apache-maven-3.3.9\repository\org\mybatis\spring\boot\mybatis-spring-boot-autoconfigure\2.1.0\mybatis-spring-boot-autoconfigure-2.1.0.jar;E:\Software\apache-maven-3.3.9\repository\org\mybatis\mybatis\3.5.2\mybatis-3.5.2.jar;E:\Software\apache-maven-3.3.9\repository\org\mybatis\mybatis-spring\2.0.2\mybatis-spring-2.0.2.jar;E:\Software\apache-maven-3.3.9\repository\org\springframework\boot\spring-boot-starter-web\2.2.6.RELEASE\spring-boot-starter-web-2.2.6.RELEASE.jar;E:\Software\apache-maven-3.3.9\repository\org\springframework\boot\spring-boot-starter-json\2.2.6.RELEASE\spring-boot-starter-json-2.2.6.RELEASE.jar;E:\Software\apache-maven-3.3.9\repository\com\fasterxml\jackson\datatype\jackson-datatype-jdk8\2.10.3\jackson-datatype-jdk8-2.10.3.jar;E:\Software\apache-maven-3.3.9\repository\com\fasterxml\jackson\datatype\jackson-datatype-jsr310\2.10.3\jackson-datatype-jsr310-2.10.3.jar;E:\Software\apache-maven-3.3.9\repository\com\fasterxml\jackson\module\jackson-module-parameter-names\2.10.3\jackson-module-parameter-names-2.10.3.jar;E:\Software\apache-maven-3.3.9\repository\org\springframework\boot\spring-boot-starter-tomcat\2.2.6.RELEASE\spring-boot-starter-tomcat-2.2.6.RELEASE.jar;E:\Software\apache-maven-3.3.9\repository\org\apache\tomcat\embed\tomcat-embed-core\9.0.33\tomcat-embed-core-9.0.33.jar;E:\Software\apache-maven-3.3.9\repository\org\apache\tomcat\embed\tomcat-embed-el\9.0.33\tomcat-embed-el-9.0.33.jar;E:\Software\apache-maven-3.3.9\repository\org\apache\tomcat\embed\tomcat-embed-websocket\9.0.33\tomcat-embed-websocket-9.0.33.jar;E:\Software\apache-maven-3.3.9\repository\org\springframework\boot\spring-boot-starter-validation\2.2.6.RELEASE\spring-boot-starter-validation-2.2.6.RELEASE.jar;E:\Software\apache-maven-3.3.9\repository\jakarta\validation\jakarta.validation-api\2.0.2\jakarta.validation-api-2.0.2.jar;E:\Software\apache-maven-3.3.9\repository\org\hibernate\validator\hibernate-validator\6.0.18.Final\hibernate-validator-6.0.18.Final.jar;E:\Software\apache-maven-3.3.9\repository\org\jboss\logging\jboss-logging\3.4.1.Final\jboss-logging-3.4.1.Final.jar;E:\Software\apache-maven-3.3.9\repository\com\fasterxml\classmate\1.5.1\classmate-1.5.1.jar;E:\Software\apache-maven-3.3.9\repository\org\springframework\spring-web\5.2.5.RELEASE\spring-web-5.2.5.RELEASE.jar;E:\Software\apache-maven-3.3.9\repository\org\springframework\spring-beans\5.2.5.RELEASE\spring-beans-5.2.5.RELEASE.jar;E:\Software\apache-maven-3.3.9\repository\org\springframework\spring-webmvc\5.2.5.RELEASE\spring-webmvc-5.2.5.RELEASE.jar;E:\Software\apache-maven-3.3.9\repository\org\springframework\spring-aop\5.2.5.RELEASE\spring-aop-5.2.5.RELEASE.jar;E:\Software\apache-maven-3.3.9\repository\org\springframework\spring-expression\5.2.5.RELEASE\spring-expression-5.2.5.RELEASE.jar;E:\Software\apache-maven-3.3.9\repository\mysql\mysql-connector-java\6.0.2\mysql-connector-java-6.0.2.jar;E:\Software\apache-maven-3.3.9\repository\com\alibaba\druid\1.0.28\druid-1.0.28.jar;E:\Program Files\JAVA_JDK\jdk-8\jre\..\lib\jconsole.jar;E:\Program Files\JAVA_JDK\jdk-8\jre\..\lib\tools.jar;"/>
    <property name="sun.cpu.endian" value="little"/>
    <property name="user.home" value="C:\Users\yayu"/>
    <property name="user.language" value="zh"/>
    <property name="java.specification.vendor" value="Oracle Corporation"/>
    <property name="java.home" value="E:\Program Files\JAVA_JDK\jdk-8\jre"/>
    <property name="basedir" value="P:\learnProject\Umi-TestEveryThing"/>
    <property name="file.separator" value="\"/>
    <property name="line.separator" value="&#10;"/>
    <property name="idea.version2019.2.3" value="true"/>
    <property name="java.vm.specification.vendor" value="Oracle Corporation"/>
    <property name="java.specification.name" value="Java Platform API Specification"/>
    <property name="java.awt.graphicsenv" value="sun.awt.Win32GraphicsEnvironment"/>
    <property name="surefire.real.class.path" value="C:\Users\yayu\AppData\Local\Temp\surefire1264338526706438988\surefirebooter9199347703188429746.jar"/>
    <property name="sun.boot.class.path" value="E:\Program Files\JAVA_JDK\jdk-8\jre\lib\resources.jar;E:\Program Files\JAVA_JDK\jdk-8\jre\lib\rt.jar;E:\Program Files\JAVA_JDK\jdk-8\jre\lib\sunrsasign.jar;E:\Program Files\JAVA_JDK\jdk-8\jre\lib\jsse.jar;E:\Program Files\JAVA_JDK\jdk-8\jre\lib\jce.jar;E:\Program Files\JAVA_JDK\jdk-8\jre\lib\charsets.jar;E:\Program Files\JAVA_JDK\jdk-8\jre\lib\jfr.jar;E:\Program Files\JAVA_JDK\jdk-8\jre\classes"/>
    <property name="user.script" value=""/>
    <property name="sun.management.compiler" value="HotSpot 64-Bit Tiered Compilers"/>
    <property name="java.runtime.version" value="1.8.0_172-b11"/>
    <property name="user.name" value="yayu"/>
    <property name="path.separator" value=";"/>
    <property name="os.version" value="10.0"/>
    <property name="java.endorsed.dirs" value="E:\Program Files\JAVA_JDK\jdk-8\jre\lib\endorsed"/>
    <property name="java.runtime.name" value="Java(TM) SE Runtime Environment"/>
    <property name="file.encoding" value="GBK"/>
    <property name="java.vm.name" value="Java HotSpot(TM) 64-Bit Server VM"/>
    <property name="localRepository" value="E:\Software\apache-maven-3.3.9\repository"/>
    <property name="java.vendor.url.bug" value="http://bugreport.sun.com/bugreport/"/>
    <property name="java.io.tmpdir" value="C:\Users\yayu\AppData\Local\Temp\"/>
    <property name="java.version" value="1.8.0_172"/>
    <property name="user.dir" value="P:\learnProject\Umi-TestEveryThing"/>
    <property name="os.arch" value="amd64"/>
    <property name="java.vm.specification.name" value="Java Virtual Machine Specification"/>
    <property name="java.awt.printerjob" value="sun.awt.windows.WPrinterJob"/>
    <property name="sun.os.patch.level" value=""/>
    <property name="java.library.path" value="E:\Program Files\JAVA_JDK\jdk-8\jre\bin;C:\Windows\Sun\Java\bin;C:\Windows\system32;C:\Windows;E:\Software\apache-maven-3.3.9\bin;E:\Program Files\JAVA_JDK\jdk-8\bin;C:\Program Files (x86)\Intel\iCLS Client\;C:\Program Files\Intel\iCLS Client\;C:\Windows\system32;C:\Windows;C:\Windows\System32\Wbem;C:\Windows\System32\WindowsPowerShell\v1.0\;C:\Program Files (x86)\Intel\Intel(R) Management Engine Components\DAL;C:\Program Files\Intel\Intel(R) Management Engine Components\DAL;C:\Program Files (x86)\Intel\Intel(R) Management Engine Components\IPT;C:\Program Files\Intel\Intel(R) Management Engine Components\IPT;C:\Program Files (x86)\NVIDIA Corporation\PhysX\Common;c:\Program Files (x86)\Microsoft SQL Server\100\Tools\Binn\;c:\Program Files\Microsoft SQL Server\100\Tools\Binn\;c:\Program Files\Microsoft SQL Server\100\DTS\Binn\;c:\Program Files (x86)\Microsoft SQL Server\100\Tools\Binn\VSShell\Common7\IDE\;c:\Program Files (x86)\Microsoft Visual Studio 9.0\Common7\IDE\PrivateAssemblies\;c:\Program Files (x86)\Microsoft SQL Server\100\DTS\Binn\;C:\Windows\system32;C:\Windows;C:\Windows\System32\Wbem;C:\Windows\System32\WindowsPowerShell\v1.0\;E:\Software\MySQL\bin;E:\Software\MySQL\mysql-5.5.27\bin;E:\Software\svn\svn_server\bin;E:\Software\svn\svn_client\bin;E:\Software\git\Git\cmd;E:\Software\git\bin;F:\application\temp\node.js\;C:\Windows\System32\OpenSSH\;C:C:\Users\yayu\AppData\Local\Microsoft\WindowsApps;C:\Users\yayu\AppData\Roaming\npm;C:\Users\yayu\AppData\Local\Microsoft\WindowsApps;C:\Users\yayu\AppData\Local\BypassRuntm;%USERPROFILE%\AppData\Local\Microsoft\WindowsApps;;."/>
    <property name="java.vm.info" value="mixed mode"/>
    <property name="java.vendor" value="Oracle Corporation"/>
    <property name="java.vm.version" value="25.172-b11"/>
    <property name="java.ext.dirs" value="E:\Program Files\JAVA_JDK\jdk-8\jre\lib\ext;C:\Windows\Sun\Java\lib\ext"/>
    <property name="sun.io.unicode.encoding" value="UnicodeLittle"/>
    <property name="java.class.version" value="52.0"/>
  </properties>
  <testcase name="contextLoads" classname="com.example.xyy.test.TestApplicationTests" time="0.329"/>
</testsuite>